<?xml version="1.0" encoding="UTF-8"?>
<!-- Generated by org.testng.reporters.JUnitReportReporter -->
<testsuite hostname="DESKTOP-9CT65DP" name="com.qa.test.PostAPITest" tests="1" failures="0" timestamp="2 Jul 2018 05:26:08 GMT" time="2.371" errors="0">
  <testcase name="postAPITest" time="2.371" classname="com.qa.test.PostAPITest"/>
</testsuite> <!-- com.qa.test.PostAPITest -->
