<?xml version="1.0" encoding="UTF-8"?>
<!-- Generated by org.testng.reporters.JUnitReportReporter -->
<testsuite hostname="DESKTOP-9CT65DP" name="com.qa.test.GetAPITest" tests="2" failures="0" timestamp="28 Jun 2018 06:57:32 GMT" time="2.985" errors="0">
  <testcase name="getTest" time="2.317" classname="com.qa.test.GetAPITest"/>
  <testcase name="getTestwithHeaders" time="0.668" classname="com.qa.test.GetAPITest"/>
</testsuite> <!-- com.qa.test.GetAPITest -->
